<?xml version="1.0" encoding="UTF-8"?>
<testng-results skipped="0" failed="0" total="2" passed="2">
  <reporter-output>
  </reporter-output>
  <suite name="Default suite" duration-ms="9953" started-at="2019-04-22T03:51:29Z" finished-at="2019-04-22T03:51:39Z">
    <groups>
    </groups>
    <test name="Default test" duration-ms="9953" started-at="2019-04-22T03:51:29Z" finished-at="2019-04-22T03:51:39Z">
      <class name="getRequest.GetData">
        <test-method status="PASS" signature="getBody()[pri:0, instance:getRequest.GetData@1ceabc1]" name="getBody" duration-ms="9171" started-at="2019-04-22T09:21:29Z" finished-at="2019-04-22T09:21:38Z">
          <reporter-output>
          </reporter-output>
        </test-method> <!-- getBody -->
        <test-method status="PASS" signature="getResponseCode()[pri:0, instance:getRequest.GetData@1ceabc1]" name="getResponseCode" duration-ms="744" started-at="2019-04-22T09:21:38Z" finished-at="2019-04-22T09:21:39Z">
          <reporter-output>
          </reporter-output>
        </test-method> <!-- getResponseCode -->
      </class> <!-- getRequest.GetData -->
    </test> <!-- Default test -->
  </suite> <!-- Default suite -->
</testng-results>
