<?xml version="1.0" encoding="UTF-8"?>
<testng-results skipped="0" failed="0" total="1" passed="1">
  <reporter-output>
  </reporter-output>
  <suite name="Default suite" duration-ms="3188" started-at="2019-05-07T09:54:35Z" finished-at="2019-05-07T09:54:38Z">
    <groups>
    </groups>
    <test name="Default test" duration-ms="3188" started-at="2019-05-07T09:54:35Z" finished-at="2019-05-07T09:54:38Z">
      <class name="getRequest.GetDataStatic">
        <test-method status="PASS" signature="getResponseCode()[pri:0, instance:getRequest.GetDataStatic@1ceabc1]" name="getResponseCode" duration-ms="3156" started-at="2019-05-07T15:24:35Z" finished-at="2019-05-07T15:24:38Z">
          <reporter-output>
          </reporter-output>
        </test-method> <!-- getResponseCode -->
      </class> <!-- getRequest.GetDataStatic -->
    </test> <!-- Default test -->
  </suite> <!-- Default suite -->
</testng-results>
